This is pdfTeX, Version 3.141592653-2.6-1.40.24 (TeX Live 2022) (preloaded format=pdflatex 2022.5.12)  12 MAY 2022 11:18
entering extended mode
 restricted \write18 enabled.
 file:line:error style messages enabled.
 %&-line parsing enabled.
**/Users/jota/Desktop/PFC/PFC/template/Monografia.tex
(/Users/jota/Desktop/PFC/PFC/template/Monografia.tex
LaTeX2e <2021-11-15> patch level 1
L3 programming layer <2022-02-24> (/usr/local/texlive/2022/texmf-dist/tex/latex/base/book.cls
Document Class: book 2021/10/04 v1.4n Standard LaTeX document class
(/usr/local/texlive/2022/texmf-dist/tex/latex/base/bk12.clo
File: bk12.clo 2021/10/04 v1.4n Standard LaTeX file (size option)
)
\c@part=\count185
\c@chapter=\count186
\c@section=\count187
\c@subsection=\count188
\c@subsubsection=\count189
\c@paragraph=\count190
\c@subparagraph=\count191
\c@figure=\count192
\c@table=\count193
\abovecaptionskip=\skip47
\belowcaptionskip=\skip48
\bibindent=\dimen138
) (/usr/local/texlive/2022/texmf-dist/tex/latex/psnfss/times.sty
Package: times 2020/03/25 PSNFSS-v9.3 (SPQR) 
) (/usr/local/texlive/2022/texmf-dist/tex/latex/graphics/graphicx.sty
Package: graphicx 2021/09/16 v1.2d Enhanced LaTeX Graphics (DPC,SPQR)
 (/usr/local/texlive/2022/texmf-dist/tex/latex/graphics/keyval.sty
Package: keyval 2014/10/28 v1.15 key=value parser (DPC)
\KV@toks@=\toks16
) (/usr/local/texlive/2022/texmf-dist/tex/latex/graphics/graphics.sty
Package: graphics 2021/03/04 v1.4d Standard LaTeX Graphics (DPC,SPQR)
 (/usr/local/texlive/2022/texmf-dist/tex/latex/graphics/trig.sty
Package: trig 2021/08/11 v1.11 sin cos tan (DPC)
) (/usr/local/texlive/2022/texmf-dist/tex/latex/graphics-cfg/graphics.cfg
File: graphics.cfg 2016/06/04 v1.11 sample graphics configuration
)
Package graphics Info: Driver file: pdftex.def on input line 107.
 (/usr/local/texlive/2022/texmf-dist/tex/latex/graphics-def/pdftex.def
File: pdftex.def 2020/10/05 v1.2a Graphics/color driver for pdftex
))
\Gin@req@height=\dimen139
\Gin@req@width=\dimen140
) (/usr/local/texlive/2022/texmf-dist/tex/latex/base/inputenc.sty
Package: inputenc 2021/02/14 v1.3d Input encoding file
\inpenc@prehook=\toks17
\inpenc@posthook=\toks18
) (/usr/local/texlive/2022/texmf-dist/tex/generic/babel/babel.sty
Package: babel 2022/02/26 3.73 The Babel package
\babel@savecnt=\count194
\U@D=\dimen141
\l@unhyphenated=\language87
 (/usr/local/texlive/2022/texmf-dist/tex/generic/babel/txtbabel.def)
\bbl@readstream=\read2
\bbl@dirlevel=\count195
 (/usr/local/texlive/2022/texmf-dist/tex/generic/babel-portuges/brazil.ldf
Language: portuges 2021/07/09 v1.2t Portuguese support from the babel system
Package babel Info: Hyphen rules for 'brazil' set to \l@portuguese
(babel)             (\language70). Reported on input line 111.
Package babel Info: Making " an active character on input line 143.
)) (/usr/local/texlive/2022/texmf-dist/tex/latex/base/fontenc.sty
Package: fontenc 2021/04/29 v2.0v Standard LaTeX package
LaTeX Font Info:    Trying to load font information for T1+ptm on input line 112.
 (/usr/local/texlive/2022/texmf-dist/tex/latex/psnfss/t1ptm.fd
File: t1ptm.fd 2001/06/04 font definitions for T1/ptm.
)) (/usr/local/texlive/2022/texmf-dist/tex/latex/amsmath/amsmath.sty
Package: amsmath 2021/10/15 v2.17l AMS math features
\@mathmargin=\skip49

For additional information on amsmath, use the `?' option.
(/usr/local/texlive/2022/texmf-dist/tex/latex/amsmath/amstext.sty
Package: amstext 2021/08/26 v2.01 AMS text
 (/usr/local/texlive/2022/texmf-dist/tex/latex/amsmath/amsgen.sty
File: amsgen.sty 1999/11/30 v2.0 generic functions
\@emptytoks=\toks19
\ex@=\dimen142
)) (/usr/local/texlive/2022/texmf-dist/tex/latex/amsmath/amsbsy.sty
Package: amsbsy 1999/11/29 v1.2d Bold Symbols
\pmbraise@=\dimen143
) (/usr/local/texlive/2022/texmf-dist/tex/latex/amsmath/amsopn.sty
Package: amsopn 2021/08/26 v2.02 operator names
)
\inf@bad=\count196
LaTeX Info: Redefining \frac on input line 234.
\uproot@=\count197
\leftroot@=\count198
LaTeX Info: Redefining \overline on input line 399.
\classnum@=\count199
\DOTSCASE@=\count266
LaTeX Info: Redefining \ldots on input line 496.
LaTeX Info: Redefining \dots on input line 499.
LaTeX Info: Redefining \cdots on input line 620.
\Mathstrutbox@=\box50
\strutbox@=\box51
\big@size=\dimen144
LaTeX Font Info:    Redeclaring font encoding OML on input line 743.
LaTeX Font Info:    Redeclaring font encoding OMS on input line 744.
\macc@depth=\count267
\c@MaxMatrixCols=\count268
\dotsspace@=\muskip16
\c@parentequation=\count269
\dspbrk@lvl=\count270
\tag@help=\toks20
\row@=\count271
\column@=\count272
\maxfields@=\count273
\andhelp@=\toks21
\eqnshift@=\dimen145
\alignsep@=\dimen146
\tagshift@=\dimen147
\tagwidth@=\dimen148
\totwidth@=\dimen149
\lineht@=\dimen150
\@envbody=\toks22
\multlinegap=\skip50
\multlinetaggap=\skip51
\mathdisplay@stack=\toks23
LaTeX Info: Redefining \[ on input line 2938.
LaTeX Info: Redefining \] on input line 2939.
) (/usr/local/texlive/2022/texmf-dist/tex/latex/amscls/amsthm.sty
Package: amsthm 2020/05/29 v2.20.6
\thm@style=\toks24
\thm@bodyfont=\toks25
\thm@headfont=\toks26
\thm@notefont=\toks27
\thm@headpunct=\toks28
\thm@preskip=\skip52
\thm@postskip=\skip53
\thm@headsep=\skip54
\dth@everypar=\toks29
) (/usr/local/texlive/2022/texmf-dist/tex/latex/amsfonts/amsfonts.sty
Package: amsfonts 2013/01/14 v3.01 Basic AMSFonts support
\symAMSa=\mathgroup4
\symAMSb=\mathgroup5
LaTeX Font Info:    Redeclaring math symbol \hbar on input line 98.
LaTeX Font Info:    Overwriting math alphabet `\mathfrak' in version `bold'
(Font)                  U/euf/m/n --> U/euf/b/n on input line 106.
) (/usr/local/texlive/2022/texmf-dist/tex/latex/graphics/color.sty
Package: color 2021/12/07 v1.3c Standard LaTeX Color (DPC)
 (/usr/local/texlive/2022/texmf-dist/tex/latex/graphics-cfg/color.cfg
File: color.cfg 2016/01/02 v1.6 sample color configuration
)
Package color Info: Driver file: pdftex.def on input line 149.
) (./abntex2abrev.sty (/usr/local/texlive/2022/texmf-dist/tex/latex/base/ifthen.sty
Package: ifthen 2020/11/24 v1.1c Standard LaTeX ifthen package (DPC)
)) (/usr/local/texlive/2022/texmf-dist/tex/latex/geometry/geometry.sty
Package: geometry 2020/01/02 v5.9 Page Geometry
 (/usr/local/texlive/2022/texmf-dist/tex/generic/iftex/ifvtex.sty
Package: ifvtex 2019/10/25 v1.7 ifvtex legacy package. Use iftex instead.
 (/usr/local/texlive/2022/texmf-dist/tex/generic/iftex/iftex.sty
Package: iftex 2022/02/03 v1.0f TeX engine tests
))
\Gm@cnth=\count274
\Gm@cntv=\count275
\c@Gm@tempcnt=\count276
\Gm@bindingoffset=\dimen151
\Gm@wd@mp=\dimen152
\Gm@odd@mp=\dimen153
\Gm@even@mp=\dimen154
\Gm@layoutwidth=\dimen155
\Gm@layoutheight=\dimen156
\Gm@layouthoffset=\dimen157
\Gm@layoutvoffset=\dimen158
\Gm@dimlist=\toks30
)
\@indexfile=\write3
\openout3 = `Monografia.idx'.


Writing index file Monografia.idx
(/usr/local/texlive/2022/texmf-dist/tex/latex/l3backend/l3backend-pdftex.def
File: l3backend-pdftex.def 2022-02-07 L3 backend support: PDF output (pdfTeX)
\l__color_backend_stack_int=\count277
\l__pdf_internal_box=\box52
) (./Monografia.aux (./Capa/capa.aux) (./Resumo/Resumo.aux) (./Agradecimentos/Agradecimentos.aux) (./TabelaConteudo/TabelaConteudo.aux) (./ListaFiguras/ListaFiguras.aux) (./ListaTabelas/ListaTabelas.aux) (./Introducao/Introducao.aux) (./DescricaoProcesso/DescricaoProcesso.aux) (./Metodologia/Metodologia.aux) (./Resultados/Resultados.aux) (./Conclusao/Conclusao.aux))
\openout1 = `Monografia.aux'.

LaTeX Font Info:    Checking defaults for OML/cmm/m/it on input line 34.
LaTeX Font Info:    ... okay on input line 34.
LaTeX Font Info:    Checking defaults for OMS/cmsy/m/n on input line 34.
LaTeX Font Info:    ... okay on input line 34.
LaTeX Font Info:    Checking defaults for OT1/cmr/m/n on input line 34.
LaTeX Font Info:    ... okay on input line 34.
LaTeX Font Info:    Checking defaults for T1/cmr/m/n on input line 34.
LaTeX Font Info:    ... okay on input line 34.
LaTeX Font Info:    Checking defaults for TS1/cmr/m/n on input line 34.
LaTeX Font Info:    ... okay on input line 34.
LaTeX Font Info:    Checking defaults for OMX/cmex/m/n on input line 34.
LaTeX Font Info:    ... okay on input line 34.
LaTeX Font Info:    Checking defaults for U/cmr/m/n on input line 34.
LaTeX Font Info:    ... okay on input line 34.
 (/usr/local/texlive/2022/texmf-dist/tex/context/base/mkii/supp-pdf.mkii
[Loading MPS to PDF converter (version 2006.09.02).]
\scratchcounter=\count278
\scratchdimen=\dimen159
\scratchbox=\box53
\nofMPsegments=\count279
\nofMParguments=\count280
\everyMPshowfont=\toks31
\MPscratchCnt=\count281
\MPscratchDim=\dimen160
\MPnumerator=\count282
\makeMPintoPDFobject=\count283
\everyMPtoPDFconversion=\toks32
) (/usr/local/texlive/2022/texmf-dist/tex/latex/epstopdf-pkg/epstopdf-base.sty
Package: epstopdf-base 2020-01-24 v2.11 Base part for package epstopdf
Package epstopdf-base Info: Redefining graphics rule for `.eps' on input line 485.
 (/usr/local/texlive/2022/texmf-dist/tex/latex/latexconfig/epstopdf-sys.cfg
File: epstopdf-sys.cfg 2010/07/13 v1.3 Configuration of (r)epstopdf for TeX Live
))
*geometry* driver: auto-detecting
*geometry* detected driver: pdftex
*geometry* verbose mode - [ preamble ] result:
* driver: pdftex
* paper: a4paper
* layout: <same size as paper>
* layoutoffset:(h,v)=(0.0pt,0.0pt)
* modes: twoside 
* h-part:(L,W,R)=(85.35826pt, 441.01773pt, 71.13188pt)
* v-part:(T,H,B)=(85.35826pt, 674.33032pt, 85.35826pt)
* \paperwidth=597.50787pt
* \paperheight=845.04684pt
* \textwidth=441.01773pt
* \textheight=674.33032pt
* \oddsidemargin=13.08827pt
* \evensidemargin=-1.1381pt
* \topmargin=-23.90028pt
* \headheight=19.91692pt
* \headsep=17.07164pt
* \topskip=12.0pt
* \footskip=19.91692pt
* \marginparwidth=88.0pt
* \marginparsep=7.0pt
* \columnsep=10.0pt
* \skip\footins=10.8pt plus 4.0pt minus 2.0pt
* \hoffset=0.0pt
* \voffset=0.0pt
* \mag=1000
* \@twocolumnfalse
* \@twosidetrue
* \@mparswitchtrue
* \@reversemarginfalse
* (1in=72.27pt=25.4mm, 1cm=28.453pt)

\openout2 = `Capa/capa.aux'.

(./Capa/capa.tex [1



{/usr/local/texlive/2022/texmf-var/fonts/map/pdftex/updmap/pdftex.map}] [2


]
LaTeX Font Info:    Trying to load font information for U+msa on input line 50.
 (/usr/local/texlive/2022/texmf-dist/tex/latex/amsfonts/umsa.fd
File: umsa.fd 2013/01/14 v3.01 AMS symbols A
)
LaTeX Font Info:    Trying to load font information for U+msb on input line 50.
 (/usr/local/texlive/2022/texmf-dist/tex/latex/amsfonts/umsb.fd
File: umsb.fd 2013/01/14 v3.01 AMS symbols B
) [1] [2


])
\openout2 = `Resumo/Resumo.aux'.

 (./Resumo/Resumo.tex
Overfull \hbox (20.98227pt too wide) in paragraph at lines 12--13
\T1/ptm/m/n/12 kkkkkkkkkkkkkkkkkkkkkkkkkkkkkkkkkkkkkkkkkkkkkkkkkkkkkkkkkkkkkkkkkkkkkkkkkkkkk 
 []

[1



] [2


])
\openout2 = `Agradecimentos/Agradecimentos.aux'.

 (./Agradecimentos/Agradecimentos.tex [3



] [4


])
\openout2 = `TabelaConteudo/TabelaConteudo.aux'.

 (./TabelaConteudo/TabelaConteudo.tex (./Monografia.toc)
\tf@toc=\write4
\openout4 = `Monografia.toc'.

 [5




])
\openout2 = `ListaFiguras/ListaFiguras.aux'.

 (./ListaFiguras/ListaFiguras.tex [6





] (./Monografia.lof)
\tf@lof=\write5
\openout5 = `Monografia.lof'.

 [7])
\openout2 = `ListaTabelas/ListaTabelas.aux'.

 (./ListaTabelas/ListaTabelas.tex [8





] (./Monografia.lot)
\tf@lot=\write6
\openout6 = `Monografia.lot'.

 [9] [10


])
\openout2 = `Introducao/Introducao.aux'.

 (./Introducao/Introducao.tex
Cap\'{\i }tulo 1.
LaTeX Font Info:    Trying to load font information for TS1+ptm on input line 21.
(/usr/local/texlive/2022/texmf-dist/tex/latex/psnfss/ts1ptm.fd
File: ts1ptm.fd 2001/06/04 font definitions for TS1/ptm.
) [1




] [2])
\openout2 = `DescricaoProcesso/DescricaoProcesso.aux'.

 (./DescricaoProcesso/DescricaoProcesso.tex
Cap\'{\i }tulo 2.
[3





])
\openout2 = `Metodologia/Metodologia.aux'.

 (./Metodologia/Metodologia.tex [4





]
Cap\'{\i }tulo 3.
Package pdftex.def Info: Option `bb' equivalent to `viewport' with the pdftex driver on input line 13.
Package epstopdf Info: Source file: <Resultados/ciclodesenvolvimento.eps>
(epstopdf)                    date: 2022-05-12 11:22:18
(epstopdf)                    size: 1022324 bytes
(epstopdf)             Output file: <Resultados/ciclodesenvolvimento-eps-converted-to.pdf>
(epstopdf)                    date: 2022-05-12 09:45:44
(epstopdf)                    size: 49884 bytes
(epstopdf)             Command: <repstopdf --outfile=Resultados/ciclodesenvolvimento-eps-converted-to.pdf Resultados/ciclodesenvolvimento.eps>
(epstopdf)             \includegraphics on input line 13.
runsystem(repstopdf --outfile=Resultados/ciclodesenvolvimento-eps-converted-to.pdf Resultados/ciclodesenvolvimento.eps)...executed safely (allowed).

Package epstopdf Info: Result file: <Resultados/ciclodesenvolvimento-eps-converted-to.pdf>
(epstopdf)                    date: 2022-05-12 11:18:11
(epstopdf)                    size: 49884 bytes.
<Resultados/ciclodesenvolvimento-eps-converted-to.pdf, id=62, 302.12875pt x 259.97125pt>
File: Resultados/ciclodesenvolvimento-eps-converted-to.pdf Graphic file (type pdf)
<use Resultados/ciclodesenvolvimento-eps-converted-to.pdf>
Package pdftex.def Info: Resultados/ciclodesenvolvimento-eps-converted-to.pdf  used on input line 13.
(pdftex.def)             Requested size: 264.98999pt x 221.82874pt.
Package epstopdf Info: Source file: <Metodologia/ciclodesenvolvimento.eps>
(epstopdf)                    date: 2022-05-12 11:22:18
(epstopdf)                    size: 1022324 bytes
(epstopdf)             Output file: <Metodologia/ciclodesenvolvimento-eps-converted-to.pdf>
(epstopdf)                    date: 2022-05-12 09:45:44
(epstopdf)                    size: 49884 bytes
(epstopdf)             Command: <repstopdf --outfile=Metodologia/ciclodesenvolvimento-eps-converted-to.pdf Metodologia/ciclodesenvolvimento.eps>
(epstopdf)             \includegraphics on input line 34.
runsystem(repstopdf --outfile=Metodologia/ciclodesenvolvimento-eps-converted-to.pdf Metodologia/ciclodesenvolvimento.eps)...executed safely (allowed).

Package epstopdf Info: Result file: <Metodologia/ciclodesenvolvimento-eps-converted-to.pdf>
(epstopdf)                    date: 2022-05-12 11:18:11
(epstopdf)                    size: 49884 bytes.
<Metodologia/ciclodesenvolvimento-eps-converted-to.pdf, id=63, 302.12875pt x 259.97125pt>
File: Metodologia/ciclodesenvolvimento-eps-converted-to.pdf Graphic file (type pdf)
<use Metodologia/ciclodesenvolvimento-eps-converted-to.pdf>
Package pdftex.def Info: Metodologia/ciclodesenvolvimento-eps-converted-to.pdf  used on input line 34.
(pdftex.def)             Requested size: 362.55267pt x 311.96393pt.
[5 <./Resultados/ciclodesenvolvimento-eps-converted-to.pdf>] [6 <./Metodologia/ciclodesenvolvimento-eps-converted-to.pdf>] [7])
\openout2 = `Resultados/Resultados.aux'.

 (./Resultados/Resultados.tex [8





]
Cap\'{\i }tulo 4.
Package epstopdf Info: Source file: <Resultados/ciclodesenvolvimento.eps>
(epstopdf)                    date: 2022-05-12 11:22:18
(epstopdf)                    size: 1022324 bytes
(epstopdf)             Output file: <Resultados/ciclodesenvolvimento-eps-converted-to.pdf>
(epstopdf)                    date: 2022-05-12 11:18:11
(epstopdf)                    size: 49884 bytes
(epstopdf)             Command: <repstopdf --outfile=Resultados/ciclodesenvolvimento-eps-converted-to.pdf Resultados/ciclodesenvolvimento.eps>
(epstopdf)             \includegraphics on input line 20.
runsystem(repstopdf --outfile=Resultados/ciclodesenvolvimento-eps-converted-to.pdf Resultados/ciclodesenvolvimento.eps)...executed safely (allowed).

Package epstopdf Info: Result file: <Resultados/ciclodesenvolvimento-eps-converted-to.pdf>
(epstopdf)                    date: 2022-05-12 11:18:11
(epstopdf)                    size: 49884 bytes.
File: Resultados/ciclodesenvolvimento-eps-converted-to.pdf Graphic file (type pdf)
<use Resultados/ciclodesenvolvimento-eps-converted-to.pdf>
Package pdftex.def Info: Resultados/ciclodesenvolvimento-eps-converted-to.pdf  used on input line 20.
(pdftex.def)             Requested size: 362.55267pt x 311.96393pt.
[9] [10] [11] [12])
\openout2 = `Conclusao/Conclusao.aux'.

 (./Conclusao/Conclusao.tex
Cap\'{\i }tulo 5.
[13





]) (./Monografia.bbl [14




]) [15] (./Monografia.aux (./Capa/capa.aux) (./Resumo/Resumo.aux) (./Agradecimentos/Agradecimentos.aux) (./TabelaConteudo/TabelaConteudo.aux) (./ListaFiguras/ListaFiguras.aux) (./ListaTabelas/ListaTabelas.aux) (./Introducao/Introducao.aux) (./DescricaoProcesso/DescricaoProcesso.aux) (./Metodologia/Metodologia.aux) (./Resultados/Resultados.aux) (./Conclusao/Conclusao.aux)) ) 
Here is how much of TeX's memory you used:
 4661 strings out of 478268
 81086 string characters out of 5846347
 392712 words of memory out of 5000000
 22703 multiletter control sequences out of 15000+600000
 502564 words of font info for 67 fonts, out of 8000000 for 9000
 1141 hyphenation exceptions out of 8191
 55i,8n,62p,689b,275s stack positions out of 10000i,1000n,20000p,200000b,200000s
{/usr/local/texlive/2022/texmf-dist/fonts/enc/dvips/base/8r.enc}</usr/local/texlive/2022/texmf-dist/fonts/type1/public/amsfonts/cm/cmmi12.pfb></usr/local/texlive/2022/texmf-dist/fonts/type1/public/amsfonts/cm/cmr12.pfb></usr/local/texlive/2022/texmf-dist/fonts/type1/urw/times/utmb8a.pfb></usr/local/texlive/2022/texmf-dist/fonts/type1/urw/times/utmr8a.pfb></usr/local/texlive/2022/texmf-dist/fonts/type1/urw/times/utmr8a.pfb></usr/local/texlive/2022/texmf-dist/fonts/type1/urw/times/utmri8a.pfb>
Output written on Monografia.pdf (29 pages, 187957 bytes).
PDF statistics:
 134 PDF objects out of 1000 (max. 8388607)
 86 compressed objects within 1 object stream
 0 named destinations out of 1000 (max. 500000)
 11 words of extra memory for PDF output out of 10000 (max. 10000000)

