\BOOKMARK [0][-]{Doc-Start}{Resumo}{}% 1
\BOOKMARK [0][-]{Doc-Start}{Abstract}{}% 2
\BOOKMARK [0][-]{Doc-Start}{Agradecimentos}{}% 3
\BOOKMARK [0][-]{chapter*.2}{Lista de Figuras}{}% 4
\BOOKMARK [0][-]{chapter*.3}{Lista de Tabelas}{}% 5
\BOOKMARK [0][-]{chapter.1}{Introdu\347\343o}{}% 6
\BOOKMARK [1][-]{section.1.1}{Motiva\347\343o e Justificativa}{chapter.1}% 7
\BOOKMARK [1][-]{section.1.2}{Objetivos do Projeto}{chapter.1}% 8
\BOOKMARK [1][-]{section.1.3}{Local de Realiza\347\343o}{chapter.1}% 9
\BOOKMARK [1][-]{section.1.4}{Estrutura da Monografia}{chapter.1}% 10
\BOOKMARK [0][-]{chapter.2}{Descri\347\343o do Processo}{}% 11
\BOOKMARK [1][-]{section.2.1}{Processo de Fazer Alguma Coisa}{chapter.2}% 12
\BOOKMARK [1][-]{section.2.2}{Instrumenta\347\343o do Processo}{chapter.2}% 13
\BOOKMARK [1][-]{section.2.3}{Situa\347\343o Atual/Estado da Arte/Revis\343o da Literatura}{chapter.2}% 14
\BOOKMARK [2][-]{subsection.2.3.1}{Como Elaborar uma Revis\343o da Literatura}{section.2.3}% 15
\BOOKMARK [1][-]{section.2.4}{Resumo do Cap\355tulo}{chapter.2}% 16
\BOOKMARK [0][-]{chapter.3}{Metodologia}{}% 17
\BOOKMARK [1][-]{section.3.1}{T\351cnica 1 - Organiza\347\343o do texto}{chapter.3}% 18
\BOOKMARK [1][-]{section.3.2}{T\351cnica 2 - Estilo}{chapter.3}% 19
\BOOKMARK [2][-]{subsection.3.2.1}{Precis\343o}{section.3.2}% 20
\BOOKMARK [2][-]{subsection.3.2.2}{Clareza}{section.3.2}% 21
\BOOKMARK [2][-]{subsection.3.2.3}{Ojetividade}{section.3.2}% 22
\BOOKMARK [2][-]{subsection.3.2.4}{Concis\343o}{section.3.2}% 23
\BOOKMARK [1][-]{section.3.3}{V\355cios comuns}{chapter.3}% 24
\BOOKMARK [1][-]{section.3.4}{Boas pr\341ticas}{chapter.3}% 25
\BOOKMARK [1][-]{section.3.5}{Uso de refer\352ncias}{chapter.3}% 26
\BOOKMARK [1][-]{section.3.6}{Honestidade e Pl\341gio}{chapter.3}% 27
\BOOKMARK [1][-]{section.3.7}{Cuidado com a gram\341tica}{chapter.3}% 28
\BOOKMARK [1][-]{section.3.8}{Resumo do Cap\355tulo}{chapter.3}% 29
\BOOKMARK [0][-]{chapter.4}{Resultados}{}% 30
\BOOKMARK [1][-]{section.4.1}{Atividades do Projeto}{chapter.4}% 31
\BOOKMARK [1][-]{section.4.2}{Requisitos do Sistema}{chapter.4}% 32
\BOOKMARK [1][-]{section.4.3}{Desenvolvimeto e Implementa\347\343o}{chapter.4}% 33
\BOOKMARK [1][-]{section.4.4}{Testes}{chapter.4}% 34
\BOOKMARK [1][-]{section.4.5}{An\341lise dos Resultados}{chapter.4}% 35
\BOOKMARK [1][-]{section.4.6}{Resumo do Cap\355tulo}{chapter.4}% 36
\BOOKMARK [1][-]{section.4.7}{Formato, express\365es matem\341ticas e o LaTeX}{chapter.4}% 37
\BOOKMARK [2][-]{subsection.4.7.1}{O LaTeX}{section.4.7}% 38
\BOOKMARK [2][-]{subsection.4.7.2}{Express\365es Matem\341ticas}{section.4.7}% 39
\BOOKMARK [0][-]{chapter.5}{Conclus\365es}{}% 40
\BOOKMARK [1][-]{section.5.1}{Considera\347\365es Finais}{chapter.5}% 41
\BOOKMARK [1][-]{section.5.2}{Propostas de Continuidade}{chapter.5}% 42
\BOOKMARK [0][-]{section.5.2}{Refer\352ncias Bibliogr\341ficas}{}% 43
\BOOKMARK [0][-]{appendix.A}{O que ficou para depois}{}% 44
\BOOKMARK [0][-]{appendix.B}{O que mais faltou}{}% 45
